This is pdfTeX, Version 3.141592653-2.6-1.40.24 (MiKTeX 22.1) (preloaded format=pdflatex 2022.2.18)  10 MAR 2023 17:26
entering extended mode
 restricted \write18 enabled.
 %&-line parsing enabled.
**./cv.tex
(cv.tex
LaTeX2e <2021-11-15> patch level 1
L3 programming layer <2022-02-05> (moderncv.cls
Document Class: moderncv 2015/07/28 v2.0.0 modern curriculum vitae and letter d
ocument class

(C:\Users\ben_elsner\AppData\Local\Programs\MiKTeX 2.9\tex/latex/base\size11.cl
o
File: size11.clo 2021/10/04 v1.4n Standard LaTeX file (size option)
)
(C:\Users\ben_elsner\AppData\Local\Programs\MiKTeX 2.9\tex/latex/etoolbox\etool
box.sty
Package: etoolbox 2020/10/05 v2.5k e-TeX tools for LaTeX (JAW)
\etb@tempcnta=\count185
)
(C:\Users\ben_elsner\AppData\Local\Programs\MiKTeX 2.9\tex/latex/base\ifthen.st
y
Package: ifthen 2020/11/24 v1.1c Standard LaTeX ifthen package (DPC)
)
(C:\Users\ben_elsner\AppData\Local\Programs\MiKTeX 2.9\tex/latex/xcolor\xcolor.
sty
Package: xcolor 2021/10/31 v2.13 LaTeX color extensions (UK)

(C:\Users\ben_elsner\AppData\Local\Programs\MiKTeX 2.9\tex/latex/graphics-cfg\c
olor.cfg
File: color.cfg 2016/01/02 v1.6 sample color configuration
)
Package xcolor Info: Driver file: pdftex.def on input line 227.

(C:\Users\ben_elsner\AppData\Local\Programs\MiKTeX 2.9\tex/latex/graphics-def\p
dftex.def
File: pdftex.def 2020/10/05 v1.2a Graphics/color driver for pdftex
)
(C:\Users\ben_elsner\AppData\Local\Programs\MiKTeX 2.9\tex/latex/colortbl\color
tbl.sty
Package: colortbl 2020/01/04 v1.0e Color table columns (DPC)

(C:\Users\ben_elsner\AppData\Local\Programs\MiKTeX 2.9\tex/latex/tools\array.st
y
Package: array 2021/10/04 v2.5f Tabular extension package (FMi)
\col@sep=\dimen138
\ar@mcellbox=\box50
\extrarowheight=\dimen139
\NC@list=\toks16
\extratabsurround=\skip47
\backup@length=\skip48
\ar@cellbox=\box51
)
\everycr=\toks17
\minrowclearance=\skip49
)
\rownum=\count186
Package xcolor Info: Model `cmy' substituted by `cmy0' on input line 1352.
Package xcolor Info: Model `hsb' substituted by `rgb' on input line 1356.
Package xcolor Info: Model `RGB' extended on input line 1368.
Package xcolor Info: Model `HTML' substituted by `rgb' on input line 1370.
Package xcolor Info: Model `Hsb' substituted by `hsb' on input line 1371.
Package xcolor Info: Model `tHsb' substituted by `hsb' on input line 1372.
Package xcolor Info: Model `HSB' substituted by `hsb' on input line 1373.
Package xcolor Info: Model `Gray' substituted by `gray' on input line 1374.
Package xcolor Info: Model `wave' substituted by `hsb' on input line 1375.
)
(C:\Users\ben_elsner\AppData\Local\Programs\MiKTeX 2.9\tex/generic/iftex\ifxete
x.sty
Package: ifxetex 2019/10/25 v0.7 ifxetex legacy package. Use iftex instead.

(C:\Users\ben_elsner\AppData\Local\Programs\MiKTeX 2.9\tex/generic/iftex\iftex.
sty
Package: iftex 2022/02/03 v1.0f TeX engine tests
))
(C:\Users\ben_elsner\AppData\Local\Programs\MiKTeX 2.9\tex/generic/iftex\ifluat
ex.sty
Package: ifluatex 2019/10/25 v1.5 ifluatex legacy package. Use iftex instead.
)
(C:\Users\ben_elsner\AppData\Local\Programs\MiKTeX 2.9\tex/latex/base\fontenc.s
ty
Package: fontenc 2021/04/29 v2.0v Standard LaTeX package
)
(C:\Users\ben_elsner\AppData\Local\Programs\MiKTeX 2.9\tex/latex/lm\lmodern.sty
Package: lmodern 2009/10/30 v1.6 Latin Modern Fonts
LaTeX Font Info:    Overwriting symbol font `operators' in version `normal'
(Font)                  OT1/cmr/m/n --> OT1/lmr/m/n on input line 22.
LaTeX Font Info:    Overwriting symbol font `letters' in version `normal'
(Font)                  OML/cmm/m/it --> OML/lmm/m/it on input line 23.
LaTeX Font Info:    Overwriting symbol font `symbols' in version `normal'
(Font)                  OMS/cmsy/m/n --> OMS/lmsy/m/n on input line 24.
LaTeX Font Info:    Overwriting symbol font `largesymbols' in version `normal'
(Font)                  OMX/cmex/m/n --> OMX/lmex/m/n on input line 25.
LaTeX Font Info:    Overwriting symbol font `operators' in version `bold'
(Font)                  OT1/cmr/bx/n --> OT1/lmr/bx/n on input line 26.
LaTeX Font Info:    Overwriting symbol font `letters' in version `bold'
(Font)                  OML/cmm/b/it --> OML/lmm/b/it on input line 27.
LaTeX Font Info:    Overwriting symbol font `symbols' in version `bold'
(Font)                  OMS/cmsy/b/n --> OMS/lmsy/b/n on input line 28.
LaTeX Font Info:    Overwriting symbol font `largesymbols' in version `bold'
(Font)                  OMX/cmex/m/n --> OMX/lmex/m/n on input line 29.
LaTeX Font Info:    Overwriting math alphabet `\mathbf' in version `normal'
(Font)                  OT1/cmr/bx/n --> OT1/lmr/bx/n on input line 31.
LaTeX Font Info:    Overwriting math alphabet `\mathsf' in version `normal'
(Font)                  OT1/cmss/m/n --> OT1/lmss/m/n on input line 32.
LaTeX Font Info:    Overwriting math alphabet `\mathit' in version `normal'
(Font)                  OT1/cmr/m/it --> OT1/lmr/m/it on input line 33.
LaTeX Font Info:    Overwriting math alphabet `\mathtt' in version `normal'
(Font)                  OT1/cmtt/m/n --> OT1/lmtt/m/n on input line 34.
LaTeX Font Info:    Overwriting math alphabet `\mathbf' in version `bold'
(Font)                  OT1/cmr/bx/n --> OT1/lmr/bx/n on input line 35.
LaTeX Font Info:    Overwriting math alphabet `\mathsf' in version `bold'
(Font)                  OT1/cmss/bx/n --> OT1/lmss/bx/n on input line 36.
LaTeX Font Info:    Overwriting math alphabet `\mathit' in version `bold'
(Font)                  OT1/cmr/bx/it --> OT1/lmr/bx/it on input line 37.
LaTeX Font Info:    Overwriting math alphabet `\mathtt' in version `bold'
(Font)                  OT1/cmtt/m/n --> OT1/lmtt/m/n on input line 38.
) (C:\Users\ben_elsner\AppData\Local\Programs\MiKTeX 2.9\tex/latex/url\url.sty
\Urlmuskip=\muskip16
Package: url 2013/09/16  ver 3.4  Verb mode for urls, etc.
)
(C:\Users\ben_elsner\AppData\Local\Programs\MiKTeX 2.9\tex/latex/graphics\graph
icx.sty
Package: graphicx 2021/09/16 v1.2d Enhanced LaTeX Graphics (DPC,SPQR)

(C:\Users\ben_elsner\AppData\Local\Programs\MiKTeX 2.9\tex/latex/graphics\keyva
l.sty
Package: keyval 2014/10/28 v1.15 key=value parser (DPC)
\KV@toks@=\toks18
)
(C:\Users\ben_elsner\AppData\Local\Programs\MiKTeX 2.9\tex/latex/graphics\graph
ics.sty
Package: graphics 2021/03/04 v1.4d Standard LaTeX Graphics (DPC,SPQR)

(C:\Users\ben_elsner\AppData\Local\Programs\MiKTeX 2.9\tex/latex/graphics\trig.
sty
Package: trig 2021/08/11 v1.11 sin cos tan (DPC)
)
(C:\Users\ben_elsner\AppData\Local\Programs\MiKTeX 2.9\tex/latex/graphics-cfg\g
raphics.cfg
File: graphics.cfg 2016/06/04 v1.11 sample graphics configuration
)
Package graphics Info: Driver file: pdftex.def on input line 107.
)
\Gin@req@height=\dimen140
\Gin@req@width=\dimen141
)
(C:\Users\ben_elsner\AppData\Local\Programs\MiKTeX 2.9\tex/latex/fancyhdr\fancy
hdr.sty
Package: fancyhdr 2021/01/28 v4.0.1 Extensive control of page headers and foote
rs
\f@nch@headwidth=\skip50
\f@nch@O@elh=\skip51
\f@nch@O@erh=\skip52
\f@nch@O@olh=\skip53
\f@nch@O@orh=\skip54
\f@nch@O@elf=\skip55
\f@nch@O@erf=\skip56
\f@nch@O@olf=\skip57
\f@nch@O@orf=\skip58
) (tweaklist.sty)
(C:\Users\ben_elsner\AppData\Local\Programs\MiKTeX 2.9\tex/latex/tools\calc.sty
Package: calc 2017/05/25 v4.3 Infix arithmetic (KKT,FJ)
\calc@Acount=\count187
\calc@Bcount=\count188
\calc@Adimen=\dimen142
\calc@Bdimen=\dimen143
\calc@Askip=\skip59
\calc@Bskip=\skip60
LaTeX Info: Redefining \setlength on input line 80.
LaTeX Info: Redefining \addtolength on input line 81.
\calc@Ccount=\count189
\calc@Cskip=\skip61
)
(C:\Users\ben_elsner\AppData\Local\Programs\MiKTeX 2.9\tex/latex/l3packages/xpa
rse\xparse.sty
(C:\Users\ben_elsner\AppData\Local\Programs\MiKTeX 2.9\tex/latex/l3kernel\expl3
.sty
Package: expl3 2022-02-05 L3 programming layer (loader) 

(C:\Users\ben_elsner\AppData\Local\Programs\MiKTeX 2.9\tex/latex/l3backend\l3ba
ckend-pdftex.def
File: l3backend-pdftex.def 2022-02-07 L3 backend support: PDF output (pdfTeX)
\l__color_backend_stack_int=\count190
\l__pdf_internal_box=\box52
))
Package: xparse 2022-01-12 L3 Experimental document command parser
)
(C:\Users\ben_elsner\AppData\Local\Programs\MiKTeX 2.9\tex/latex/microtype\micr
otype.sty
Package: microtype 2021/12/10 v3.0b Micro-typographical refinements (RS)
\MT@toks=\toks19
\MT@count=\count191
\MT@tempbox=\box53
LaTeX Info: Redefining \leftprotrusion on input line 1010.
LaTeX Info: Redefining \rightprotrusion on input line 1018.
LaTeX Info: Redefining \textls on input line 1173.
\MT@outer@kern=\dimen144
LaTeX Info: Redefining \textmicrotypecontext on input line 1759.
\MT@listname@count=\count192

(C:\Users\ben_elsner\AppData\Local\Programs\MiKTeX 2.9\tex/latex/microtype\micr
otype-pdftex.def
File: microtype-pdftex.def 2021/12/10 v3.0b Definitions specific to pdftex (RS)

LaTeX Info: Redefining \lsstyle on input line 897.
LaTeX Info: Redefining \lslig on input line 897.
\MT@outer@space=\skip62
)
Package microtype Info: Loading configuration file microtype.cfg.

(C:\Users\ben_elsner\AppData\Local\Programs\MiKTeX 2.9\tex/latex/microtype\micr
otype.cfg
File: microtype.cfg 2021/12/10 v3.0b microtype main configuration file (RS)
)) (moderncvcollection.sty
Package: moderncvcollection 2015/07/28 v2.0.0 moderncv collections
\c@collection@iterator=\count193
)
(C:\Users\ben_elsner\AppData\Local\Programs\MiKTeX 2.9\tex/latex/moderncv\moder
ncvcompatibility.sty
Package: moderncvcompatibility 2022-02-21 v2.3.1 modern curriculum vitae and le
tter compatibility patches
)
\c@collection@phones@count=\count194
\c@collection@socials@count=\count195
\c@cvcolumnscounter=\count196
\c@cvcolumnsautowidthcounter=\count197
\c@tmpiteratorcounter=\count198
\cvcolumnsdummywidth=\skip63
\cvcolumnswidth=\skip64
\cvcolumnsautowidth=\skip65
\cvcolumnautowidth=\skip66
\bibindent=\skip67
) (moderncvstylecasual.sty
Package: moderncvstylecasual 2015/07/28 v2.0.0 modern curriculum vitae and lett
er style scheme: casual

(C:\Users\ben_elsner\AppData\Local\Programs\MiKTeX 2.9\tex/latex/moderncv\moder
ncviconsawesome.sty
Package: moderncviconsawesome 2022-02-21 v2.3.1 modern curriculum vitae icons: 
awesome

(C:\Users\ben_elsner\AppData\Local\Programs\MiKTeX 2.9\tex/latex/fontawesome5\f
ontawesome5.sty
Package: fontawesome5 2022/05/02 v5.15.4 Font Awesome 5

(C:\Users\ben_elsner\AppData\Local\Programs\MiKTeX 2.9\tex/latex/l3packages/l3k
eys2e\l3keys2e.sty
Package: l3keys2e 2022-01-12 LaTeX2e option processing using LaTeX3 keys
)
(C:\Users\ben_elsner\AppData\Local\Programs\MiKTeX 2.9\tex/latex/fontawesome5\f
ontawesome5-generic-helper.sty
Package: fontawesome5-generic-helper 2022/05/02 v5.15.4 non-uTeX helper for fon
tawesome5

(C:\Users\ben_elsner\AppData\Local\Programs\MiKTeX 2.9\tex/latex/fontawesome5\f
ontawesome5-mapping.def)))) (moderncvheadii.sty
Package: moderncvheadii 2015/07/28 v2.0.0 modern curriculum vitae and letter he
ader variant: 2
\makeheaddetailsbox=\box54
\makeheaddetailstempbox=\box55
\makeheaddetailswidth=\skip68
\makeheaddetailsboxwidth=\skip69
\quotewidth=\skip70
) (moderncvbodyi.sty
Package: moderncvbodyi 2015/07/28 v2.0.0 modern curriculum vitae and letter bod
y variant: 1
\hintscolumnwidth=\skip71
\separatorcolumnwidth=\skip72
\maincolumnwidth=\skip73
\doubleitemcolumnwidth=\skip74
\listitemsymbolwidth=\skip75
LaTeX Font Info:    Trying to load font information for U+fontawesomefree0 on i
nput line 46.

(C:\Users\ben_elsner\AppData\Local\Programs\MiKTeX 2.9\tex/latex/fontawesome5\u
fontawesomefree0.fd)
\listitemcolumnwidth=\skip76
\listdoubleitemcolumnwidth=\skip77
\baseletterheight=\skip78
\cvitemwithcommentbox=\box56
\cvitemwithcommentskilllength=\skip79
\cvitemwithcommentcommentlength=\skip80
) (moderncvfooti.sty
Package: moderncvfooti 2015/07/28 v2.0.0 modern curriculum vitae and letter foo
ter variant: 1
\footwidth=\skip81
\footbox=\box57
\foottempbox=\box58
\footboxwidth=\skip82
))
(C:\Users\ben_elsner\AppData\Local\Programs\MiKTeX 2.9\tex/latex/dejavu\DejaVuS
ansMono.sty
Package: DejaVuSansMono 2011/06/01 Style file for DejaVuSansMono.
)
(C:\Users\ben_elsner\AppData\Local\Programs\MiKTeX 2.9\tex/latex/geometry\geome
try.sty
Package: geometry 2020/01/02 v5.9 Page Geometry

(C:\Users\ben_elsner\AppData\Local\Programs\MiKTeX 2.9\tex/generic/iftex\ifvtex
.sty
Package: ifvtex 2019/10/25 v1.7 ifvtex legacy package. Use iftex instead.
)
\Gm@cnth=\count199
\Gm@cntv=\count266
\c@Gm@tempcnt=\count267
\Gm@bindingoffset=\dimen145
\Gm@wd@mp=\dimen146
\Gm@odd@mp=\dimen147
\Gm@even@mp=\dimen148
\Gm@layoutwidth=\dimen149
\Gm@layoutheight=\dimen150
\Gm@layouthoffset=\dimen151
\Gm@layoutvoffset=\dimen152
\Gm@dimlist=\toks20

(C:\Users\ben_elsner\AppData\Local\Programs\MiKTeX 2.9\tex/latex/geometry\geome
try.cfg))
\cslhangindent=\skip83
\csllabelwidth=\skip84

(C:\Users\ben_elsner\AppData\Local\Programs\MiKTeX 2.9\tex/latex/hyperref\hyper
ref.sty
Package: hyperref 2021-06-07 v7.00m Hypertext links for LaTeX

(C:\Users\ben_elsner\AppData\Local\Programs\MiKTeX 2.9\tex/generic/ltxcmds\ltxc
mds.sty
Package: ltxcmds 2020-05-10 v1.25 LaTeX kernel commands for general use (HO)
)
(C:\Users\ben_elsner\AppData\Local\Programs\MiKTeX 2.9\tex/generic/pdftexcmds\p
dftexcmds.sty
Package: pdftexcmds 2020-06-27 v0.33 Utility functions of pdfTeX for LuaTeX (HO
)

(C:\Users\ben_elsner\AppData\Local\Programs\MiKTeX 2.9\tex/generic/infwarerr\in
fwarerr.sty
Package: infwarerr 2019/12/03 v1.5 Providing info/warning/error messages (HO)
)
Package pdftexcmds Info: \pdf@primitive is available.
Package pdftexcmds Info: \pdf@ifprimitive is available.
Package pdftexcmds Info: \pdfdraftmode found.
)
(C:\Users\ben_elsner\AppData\Local\Programs\MiKTeX 2.9\tex/generic/kvsetkeys\kv
setkeys.sty
Package: kvsetkeys 2019/12/15 v1.18 Key value parser (HO)
)
(C:\Users\ben_elsner\AppData\Local\Programs\MiKTeX 2.9\tex/generic/kvdefinekeys
\kvdefinekeys.sty
Package: kvdefinekeys 2019-12-19 v1.6 Define keys (HO)
)
(C:\Users\ben_elsner\AppData\Local\Programs\MiKTeX 2.9\tex/generic/pdfescape\pd
fescape.sty
Package: pdfescape 2019/12/09 v1.15 Implements pdfTeX's escape features (HO)
)
(C:\Users\ben_elsner\AppData\Local\Programs\MiKTeX 2.9\tex/latex/hycolor\hycolo
r.sty
Package: hycolor 2020-01-27 v1.10 Color options for hyperref/bookmark (HO)
)
(C:\Users\ben_elsner\AppData\Local\Programs\MiKTeX 2.9\tex/latex/letltxmacro\le
tltxmacro.sty
Package: letltxmacro 2019/12/03 v1.6 Let assignment for LaTeX macros (HO)
)
(C:\Users\ben_elsner\AppData\Local\Programs\MiKTeX 2.9\tex/latex/auxhook\auxhoo
k.sty
Package: auxhook 2019-12-17 v1.6 Hooks for auxiliary files (HO)
)
(C:\Users\ben_elsner\AppData\Local\Programs\MiKTeX 2.9\tex/latex/kvoptions\kvop
tions.sty
Package: kvoptions 2020-10-07 v3.14 Key value format for package options (HO)
)
\@linkdim=\dimen153
\Hy@linkcounter=\count268
\Hy@pagecounter=\count269

(C:\Users\ben_elsner\AppData\Local\Programs\MiKTeX 2.9\tex/latex/hyperref\pd1en
c.def
File: pd1enc.def 2021-06-07 v7.00m Hyperref: PDFDocEncoding definition (HO)
Now handling font encoding PD1 ...
... no UTF-8 mapping file for font encoding PD1
)
(C:\Users\ben_elsner\AppData\Local\Programs\MiKTeX 2.9\tex/latex/hyperref\hyper
ref-langpatches.def
File: hyperref-langpatches.def 2021-06-07 v7.00m Hyperref: patches for babel la
nguages
)
(C:\Users\ben_elsner\AppData\Local\Programs\MiKTeX 2.9\tex/generic/intcalc\intc
alc.sty
Package: intcalc 2019/12/15 v1.3 Expandable calculations with integers (HO)
)
(C:\Users\ben_elsner\AppData\Local\Programs\MiKTeX 2.9\tex/generic/etexcmds\ete
xcmds.sty
Package: etexcmds 2019/12/15 v1.7 Avoid name clashes with e-TeX commands (HO)
)
\Hy@SavedSpaceFactor=\count270

(C:\Users\ben_elsner\AppData\Local\Programs\MiKTeX 2.9\tex/latex/hyperref\puenc
.def
File: puenc.def 2021-06-07 v7.00m Hyperref: PDF Unicode definition (HO)
Now handling font encoding PU ...
... no UTF-8 mapping file for font encoding PU
)
Package hyperref Info: Option `unicode' set `true' on input line 4073.
Package hyperref Info: Hyper figures OFF on input line 4192.
Package hyperref Info: Link nesting OFF on input line 4197.
Package hyperref Info: Hyper index ON on input line 4200.
Package hyperref Info: Plain pages OFF on input line 4207.
Package hyperref Info: Backreferencing OFF on input line 4212.
Package hyperref Info: Implicit mode ON; LaTeX internals redefined.
Package hyperref Info: Bookmarks ON on input line 4445.
\c@Hy@tempcnt=\count271
LaTeX Info: Redefining \url on input line 4804.
\XeTeXLinkMargin=\dimen154

(C:\Users\ben_elsner\AppData\Local\Programs\MiKTeX 2.9\tex/generic/bitset\bitse
t.sty
Package: bitset 2019/12/09 v1.3 Handle bit-vector datatype (HO)

(C:\Users\ben_elsner\AppData\Local\Programs\MiKTeX 2.9\tex/generic/bigintcalc\b
igintcalc.sty
Package: bigintcalc 2019/12/15 v1.5 Expandable calculations on big integers (HO
)
))
\Fld@menulength=\count272
\Field@Width=\dimen155
\Fld@charsize=\dimen156
Package hyperref Info: Hyper figures OFF on input line 6076.
Package hyperref Info: Link nesting OFF on input line 6081.
Package hyperref Info: Hyper index ON on input line 6084.
Package hyperref Info: backreferencing OFF on input line 6091.
Package hyperref Info: Link coloring OFF on input line 6096.
Package hyperref Info: Link coloring with OCG OFF on input line 6101.
Package hyperref Info: PDF/A mode OFF on input line 6106.
LaTeX Info: Redefining \ref on input line 6146.
LaTeX Info: Redefining \pageref on input line 6150.

(C:\Users\ben_elsner\AppData\Local\Programs\MiKTeX 2.9\tex/latex/base\atbegshi-
ltx.sty
Package: atbegshi-ltx 2021/01/10 v1.0c Emulation of the original atbegshi
package with kernel methods
)
\Hy@abspage=\count273
\c@Item=\count274
\c@Hfootnote=\count275
)
Package hyperref Info: Driver (autodetected): hpdftex.

(C:\Users\ben_elsner\AppData\Local\Programs\MiKTeX 2.9\tex/latex/hyperref\hpdft
ex.def
File: hpdftex.def 2021-06-07 v7.00m Hyperref driver for pdfTeX

(C:\Users\ben_elsner\AppData\Local\Programs\MiKTeX 2.9\tex/latex/base\atveryend
-ltx.sty
Package: atveryend-ltx 2020/08/19 v1.0a Emulation of the original atveryend pac
kage
with kernel methods
)
\Fld@listcount=\count276
\c@bookmark@seq@number=\count277

(C:\Users\ben_elsner\AppData\Local\Programs\MiKTeX 2.9\tex/latex/rerunfilecheck
\rerunfilecheck.sty
Package: rerunfilecheck 2019/12/05 v1.9 Rerun checks for auxiliary files (HO)

(C:\Users\ben_elsner\AppData\Local\Programs\MiKTeX 2.9\tex/generic/uniquecounte
r\uniquecounter.sty
Package: uniquecounter 2019/12/15 v1.4 Provide unlimited unique counter (HO)
)
Package uniquecounter Info: New unique counter `rerunfilecheck' on input line 2
86.
)
\Hy@SectionHShift=\skip85
)
Package hyperref Info: Option `breaklinks' set `true' on input line 82.
Package hyperref Info: Option `bookmarksopen' set `true' on input line 82.
LaTeX Font Info:    Trying to load font information for T1+lmr on input line 82
.
(C:\Users\ben_elsner\AppData\Local\Programs\MiKTeX 2.9\tex/latex/lm\t1lmr.fd
File: t1lmr.fd 2009/10/30 v1.6 Font defs for Latin Modern
) (cv.aux)
\openout1 = `cv.aux'.

LaTeX Font Info:    Checking defaults for OML/cmm/m/it on input line 82.
LaTeX Font Info:    ... okay on input line 82.
LaTeX Font Info:    Checking defaults for OMS/cmsy/m/n on input line 82.
LaTeX Font Info:    ... okay on input line 82.
LaTeX Font Info:    Checking defaults for OT1/cmr/m/n on input line 82.
LaTeX Font Info:    ... okay on input line 82.
LaTeX Font Info:    Checking defaults for T1/cmr/m/n on input line 82.
LaTeX Font Info:    ... okay on input line 82.
LaTeX Font Info:    Checking defaults for TS1/cmr/m/n on input line 82.
LaTeX Font Info:    ... okay on input line 82.
LaTeX Font Info:    Checking defaults for OMX/cmex/m/n on input line 82.
LaTeX Font Info:    ... okay on input line 82.
LaTeX Font Info:    Checking defaults for U/cmr/m/n on input line 82.
LaTeX Font Info:    ... okay on input line 82.
LaTeX Font Info:    Checking defaults for PD1/pdf/m/n on input line 82.
LaTeX Font Info:    ... okay on input line 82.
LaTeX Font Info:    Checking defaults for PU/pdf/m/n on input line 82.
LaTeX Font Info:    ... okay on input line 82.

(C:\Users\ben_elsner\AppData\Local\Programs\MiKTeX 2.9\tex/context/base/mkii\su
pp-pdf.mkii
[Loading MPS to PDF converter (version 2006.09.02).]
\scratchcounter=\count278
\scratchdimen=\dimen157
\scratchbox=\box59
\nofMPsegments=\count279
\nofMParguments=\count280
\everyMPshowfont=\toks21
\MPscratchCnt=\count281
\MPscratchDim=\dimen158
\MPnumerator=\count282
\makeMPintoPDFobject=\count283
\everyMPtoPDFconversion=\toks22
)
(C:\Users\ben_elsner\AppData\Local\Programs\MiKTeX 2.9\tex/latex/epstopdf-pkg\e
pstopdf-base.sty
Package: epstopdf-base 2020-01-24 v2.11 Base part for package epstopdf
Package epstopdf-base Info: Redefining graphics rule for `.eps' on input line 4
85.

(C:\Users\ben_elsner\AppData\Local\Programs\MiKTeX 2.9\tex/latex/00miktex\epsto
pdf-sys.cfg
File: epstopdf-sys.cfg 2021/03/18 v2.0 Configuration of epstopdf for MiKTeX
))
LaTeX Info: Redefining \microtypecontext on input line 82.
Package microtype Info: Applying patch `item' on input line 82.
Package microtype Info: Applying patch `toc' on input line 82.
Package microtype Info: Applying patch `eqnum' on input line 82.
Package microtype Info: Applying patch `footnote' on input line 82.
Package microtype Info: Generating PDF output.
Package microtype Info: Character protrusion enabled (level 2).
Package microtype Info: Using default protrusion set `alltext'.
Package microtype Info: Automatic font expansion enabled (level 2),
(microtype)             stretch: 20, shrink: 20, step: 1, non-selected.
Package microtype Info: Using default expansion set `alltext-nott'.
LaTeX Info: Redefining \showhyphens on input line 82.
Package microtype Info: No adjustment of tracking.
Package microtype Info: No adjustment of interword spacing.
Package microtype Info: No adjustment of character kerning.

(C:\Users\ben_elsner\AppData\Local\Programs\MiKTeX 2.9\tex/latex/microtype\mt-c
mr.cfg
File: mt-cmr.cfg 2013/05/19 v2.2 microtype config. file: Computer Modern Roman 
(RS)
)
*geometry* driver: auto-detecting
*geometry* detected driver: pdftex
*geometry* verbose mode - [ preamble ] result:
* driver: pdftex
* paper: a4paper
* layout: <same size as paper>
* layoutoffset:(h,v)=(0.0pt,0.0pt)
* modes: 
* h-part:(L,W,R)=(74.68848pt, 448.1309pt, 74.68849pt)
* v-part:(T,H,B)=(84.50467pt, 633.78513pt, 126.75705pt)
* \paperwidth=597.50787pt
* \paperheight=845.04684pt
* \textwidth=448.1309pt
* \textheight=633.78513pt
* \oddsidemargin=2.41849pt
* \evensidemargin=2.41849pt
* \topmargin=-24.76532pt
* \headheight=12.0pt
* \headsep=25.0pt
* \topskip=11.0pt
* \footskip=60.0pt
* \marginparwidth=50.0pt
* \marginparsep=10.0pt
* \columnsep=10.0pt
* \skip\footins=10.0pt plus 4.0pt minus 2.0pt
* \hoffset=0.0pt
* \voffset=0.0pt
* \mag=1000
* \@twocolumnfalse
* \@twosidefalse
* \@mparswitchfalse
* \@reversemarginfalse
* (1in=72.27pt=25.4mm, 1cm=28.453pt)

Package hyperref Info: Link coloring OFF on input line 82.

(C:\Users\ben_elsner\AppData\Local\Programs\MiKTeX 2.9\tex/latex/hyperref\namer
ef.sty
Package: nameref 2021-04-02 v2.47 Cross-referencing by name of section

(C:\Users\ben_elsner\AppData\Local\Programs\MiKTeX 2.9\tex/latex/refcount\refco
unt.sty
Package: refcount 2019/12/15 v3.6 Data extraction from label references (HO)
)
(C:\Users\ben_elsner\AppData\Local\Programs\MiKTeX 2.9\tex/generic/gettitlestri
ng\gettitlestring.sty
Package: gettitlestring 2019/12/15 v1.6 Cleanup title references (HO)
)
\c@section@level=\count284
)
LaTeX Info: Redefining \ref on input line 82.
LaTeX Info: Redefining \pageref on input line 82.
LaTeX Info: Redefining \nameref on input line 82.
(cv.out) (cv.out)
\@outlinefile=\write3
\openout3 = `cv.out'.

\makecvheadpicturebox=\box60
\makecvheadpicturewidth=\skip86
\makecvheadnamebox=\box61

Underfull \hbox (badness 10000) in paragraph at lines 85--85

 []

LaTeX Font Info:    Trying to load font information for OT1+lmr on input line 9
0.
(C:\Users\ben_elsner\AppData\Local\Programs\MiKTeX 2.9\tex/latex/lm\ot1lmr.fd
File: ot1lmr.fd 2009/10/30 v1.6 Font defs for Latin Modern
)
LaTeX Font Info:    Trying to load font information for OML+lmm on input line 9
0.
(C:\Users\ben_elsner\AppData\Local\Programs\MiKTeX 2.9\tex/latex/lm\omllmm.fd
File: omllmm.fd 2009/10/30 v1.6 Font defs for Latin Modern
)
LaTeX Font Info:    Trying to load font information for OMS+lmsy on input line 
90.
(C:\Users\ben_elsner\AppData\Local\Programs\MiKTeX 2.9\tex/latex/lm\omslmsy.fd
File: omslmsy.fd 2009/10/30 v1.6 Font defs for Latin Modern
)
LaTeX Font Info:    Trying to load font information for OMX+lmex on input line 
90.
(C:\Users\ben_elsner\AppData\Local\Programs\MiKTeX 2.9\tex/latex/lm\omxlmex.fd
File: omxlmex.fd 2009/10/30 v1.6 Font defs for Latin Modern
)
LaTeX Font Info:    External font `lmex10' loaded for size
(Font)              <10.95> on input line 90.
LaTeX Font Info:    External font `lmex10' loaded for size
(Font)              <8> on input line 90.
LaTeX Font Info:    External font `lmex10' loaded for size
(Font)              <6> on input line 90.
LaTeX Font Info:    Trying to load font information for T1+DejaVuSansMono-TLF o
n input line 134.

(C:\Users\ben_elsner\AppData\Local\Programs\MiKTeX 2.9\tex/latex/dejavu\t1dejav
usansmono-tlf.fd
File: T1DejaVuSansMono-TLF.fd 2011/06/01 Font definitions for T1/DejaVuSansMono
-TLF.
)
LaTeX Font Info:    Font shape `T1/DejaVuSansMono-TLF/m/n' will be
(Font)              scaled to size 9.41699pt on input line 134.
Package microtype Info: Loading generic protrusion settings for font family
(microtype)             `DejaVuSansMono-TLF' (encoding: T1).
(microtype)             For optimal results, create family-specific settings.
(microtype)             See the microtype manual for details.

Overfull \hbox (1.53928pt too wide) has occurred while \output is active
 []|[] 
 []

LaTeX Font Info:    Trying to load font information for U+fontawesomefree2 on i
nput line 142.

(C:\Users\ben_elsner\AppData\Local\Programs\MiKTeX 2.9\tex/latex/fontawesome5\u
fontawesomefree2.fd)
LaTeX Font Info:    Trying to load font information for TS1+lmr on input line 1
42.
(C:\Users\ben_elsner\AppData\Local\Programs\MiKTeX 2.9\tex/latex/lm\ts1lmr.fd
File: ts1lmr.fd 2009/10/30 v1.6 Font defs for Latin Modern
)
LaTeX Font Info:    Trying to load font information for U+fontawesomefree1 on i
nput line 142.

(C:\Users\ben_elsner\AppData\Local\Programs\MiKTeX 2.9\tex/latex/fontawesome5\u
fontawesomefree1.fd)
LaTeX Font Info:    Font shape `T1/DejaVuSansMono-TLF/m/sl' in size <10.95> not
 available
(Font)              Font shape `T1/DejaVuSansMono-TLF/m/it' tried instead on in
put line 142.
LaTeX Font Info:    Font shape `T1/DejaVuSansMono-TLF/m/it' will be
(Font)              scaled to size 9.41699pt on input line 142.
LaTeX Font Info:    Trying to load font information for U+fontawesomebrands1 on
 input line 142.

(C:\Users\ben_elsner\AppData\Local\Programs\MiKTeX 2.9\tex/latex/fontawesome5\u
fontawesomebrands1.fd)
LaTeX Font Info:    Font shape `U/fontawesomebrands1/solid/n' in size <10> not 
available
(Font)              Font shape `U/fontawesomebrands1/regular/n' tried instead o
n input line 142.
LaTeX Font Info:    Trying to load font information for U+fontawesomebrands0 on
 input line 142.

(C:\Users\ben_elsner\AppData\Local\Programs\MiKTeX 2.9\tex/latex/fontawesome5\u
fontawesomebrands0.fd)
LaTeX Font Info:    Font shape `U/fontawesomebrands0/solid/n' in size <10> not 
available
(Font)              Font shape `U/fontawesomebrands0/regular/n' tried instead o
n input line 142.

Package fancyhdr Warning: \footskip is too small (60.0pt): 
(fancyhdr)                Make it at least 68.00002pt, for example:
(fancyhdr)                \setlength{\footskip}{68.00002pt}.

[1

{C:/Users/ben_elsner/AppData/Local/MiKTeX/2.9/fonts/map/pdftex/pdftex.map}] (cv
.aux)
Package rerunfilecheck Info: File `cv.out' has not changed.
(rerunfilecheck)             Checksum: BEC8FD6BA552BBB74589E8EE9DA5E0CC;564.
 ) 
Here is how much of TeX's memory you used:
 15726 strings out of 478550
 282579 string characters out of 2838453
 596175 words of memory out of 3000000
 33600 multiletter control sequences out of 15000+600000
 517374 words of font info for 91 fonts, out of 8000000 for 9000
 1141 hyphenation exceptions out of 8191
 75i,12n,79p,1001b,558s stack positions out of 5000i,500n,10000p,200000b,80000s
{C:/Users/ben_elsner/AppData/Local/Programs/MiKTeX 2.9/fonts/enc/dvips/fontaw
esome5/fa5brands0.enc}{C:/Users/ben_elsner/AppData/Local/Programs/MiKTeX 2.9/fo
nts/enc/dvips/fontawesome5/fa5brands1.enc}{C:/Users/ben_elsner/AppData/Local/Pr
ograms/MiKTeX 2.9/fonts/enc/dvips/fontawesome5/fa5free1.enc}{C:/Users/ben_elsne
r/AppData/Local/Programs/MiKTeX 2.9/fonts/enc/dvips/dejavu/dejavumono_t1-type1.
enc}{C:/Users/ben_elsner/AppData/Local/Programs/MiKTeX 2.9/fonts/enc/dvips/lm/l
m-ts1.enc}{C:/Users/ben_elsner/AppData/Local/Programs/MiKTeX 2.9/fonts/enc/dvip
s/fontawesome5/fa5free2.enc}{C:/Users/ben_elsner/AppData/Local/Programs/MiKTeX 
2.9/fonts/enc/dvips/lm/lm-ec.enc}{C:/Users/ben_elsner/AppData/Local/Programs/Mi
KTeX 2.9/fonts/enc/dvips/fontawesome5/fa5free0.enc}<C:/Users/ben_elsner/AppData
/Local/Programs/MiKTeX 2.9/fonts/type1/public/dejavu/DejaVuSansMono-Oblique.pfb
><C:/Users/ben_elsner/AppData/Local/Programs/MiKTeX 2.9/fonts/type1/public/deja
vu/DejaVuSansMono.pfb><C:/Users/ben_elsner/AppData/Local/Programs/MiKTeX 2.9/fo
nts/type1/public/fontawesome5/FontAwesome5Brands-Regular.pfb><C:/Users/ben_elsn
er/AppData/Local/Programs/MiKTeX 2.9/fonts/type1/public/fontawesome5/FontAwesom
e5Free-Regular.pfb><C:/Users/ben_elsner/AppData/Local/Programs/MiKTeX 2.9/fonts
/type1/public/fontawesome5/FontAwesome5Free-Solid.pfb><C:/Users/ben_elsner/AppD
ata/Local/Programs/MiKTeX 2.9/fonts/type1/public/lm/lmbx10.pfb><C:/Users/ben_el
sner/AppData/Local/Programs/MiKTeX 2.9/fonts/type1/public/lm/lmr10.pfb><C:/User
s/ben_elsner/AppData/Local/Programs/MiKTeX 2.9/fonts/type1/public/lm/lmr12.pfb>
<C:/Users/ben_elsner/AppData/Local/Programs/MiKTeX 2.9/fonts/type1/public/lm/lm
r17.pfb><C:/Users/ben_elsner/AppData/Local/Programs/MiKTeX 2.9/fonts/type1/publ
ic/lm/lmri10.pfb><C:/Users/ben_elsner/AppData/Local/Programs/MiKTeX 2.9/fonts/t
ype1/public/lm/lmro10.pfb>
Output written on cv.pdf (1 page, 257730 bytes).
PDF statistics:
 128 PDF objects out of 1000 (max. 8388607)
 15 named destinations out of 1000 (max. 500000)
 27689 words of extra memory for PDF output out of 29859 (max. 10000000)

